2024-08-20 21:31:44 INFO  o.h.validator.internal.util.Version - HV000001: Hibernate Validator 8.0.1.Final
2024-08-20 21:31:45 INFO  mytimeacty.MytimeactyApplication - Starting MytimeactyApplication using Java 17.0.11 with PID 24124 (D:\mes projets\Mes projets\Mytimeacty\Mytimeacty\target\classes started by mirco in D:\mes projets\Mes projets\Mytimeacty\Mytimeacty)
2024-08-20 21:31:45 INFO  mytimeacty.MytimeactyApplication - No active profile set, falling back to 1 default profile: "default"
2024-08-20 21:31:47 INFO  o.s.d.r.c.RepositoryConfigurationDelegate - Bootstrapping Spring Data JPA repositories in DEFAULT mode.
2024-08-20 21:31:47 INFO  o.s.d.r.c.RepositoryConfigurationDelegate - Finished Spring Data repository scanning in 190 ms. Found 11 JPA repository interfaces.
2024-08-20 21:31:48 INFO  o.s.b.w.e.tomcat.TomcatWebServer - Tomcat initialized with port 9000 (http)
2024-08-20 21:31:48 INFO  o.a.coyote.http11.Http11NioProtocol - Initializing ProtocolHandler ["http-nio-9000"]
2024-08-20 21:31:48 INFO  o.a.catalina.core.StandardService - Starting service [Tomcat]
2024-08-20 21:31:48 INFO  o.a.catalina.core.StandardEngine - Starting Servlet engine: [Apache Tomcat/10.1.24]
2024-08-20 21:31:48 INFO  o.a.c.c.C.[Tomcat].[localhost].[/] - Initializing Spring embedded WebApplicationContext
2024-08-20 21:31:48 INFO  o.s.b.w.s.c.ServletWebServerApplicationContext - Root WebApplicationContext: initialization completed in 3497 ms
2024-08-20 21:31:49 INFO  o.h.jpa.internal.util.LogHelper - HHH000204: Processing PersistenceUnitInfo [name: default]
2024-08-20 21:31:49 INFO  org.hibernate.Version - HHH000412: Hibernate ORM core version 6.5.2.Final
2024-08-20 21:31:49 INFO  o.h.c.i.RegionFactoryInitiator - HHH000026: Second-level cache disabled
2024-08-20 21:31:49 INFO  o.s.o.j.p.SpringPersistenceUnitInfo - No LoadTimeWeaver setup: ignoring JPA class transformer
2024-08-20 21:31:49 INFO  com.zaxxer.hikari.HikariDataSource - HikariPool-1 - Starting...
2024-08-20 21:31:50 INFO  com.zaxxer.hikari.pool.HikariPool - HikariPool-1 - Added connection org.postgresql.jdbc.PgConnection@50f05307
2024-08-20 21:31:50 INFO  com.zaxxer.hikari.HikariDataSource - HikariPool-1 - Start completed.
2024-08-20 21:31:53 INFO  o.h.e.t.j.p.i.JtaPlatformInitiator - HHH000489: No JTA platform available (set 'hibernate.transaction.jta.platform' to enable JTA platform integration)
2024-08-20 21:31:54 INFO  o.s.o.j.LocalContainerEntityManagerFactoryBean - Initialized JPA EntityManagerFactory for persistence unit 'default'
2024-08-20 21:31:56 WARN  o.s.b.a.o.j.JpaBaseConfiguration$JpaWebConfiguration - spring.jpa.open-in-view is enabled by default. Therefore, database queries may be performed during view rendering. Explicitly configure spring.jpa.open-in-view to disable this warning
2024-08-20 21:31:57 INFO  o.s.s.web.DefaultSecurityFilterChain - Will secure any request with [org.springframework.security.web.session.DisableEncodeUrlFilter@2e5dea22, org.springframework.security.web.context.request.async.WebAsyncManagerIntegrationFilter@4fd8aefe, org.springframework.security.web.context.SecurityContextHolderFilter@587df3e4, org.springframework.security.web.header.HeaderWriterFilter@a55b4f9, org.springframework.web.filter.CorsFilter@4a59d584, org.springframework.security.web.authentication.logout.LogoutFilter@3aa4d595, org.springframework.security.oauth2.server.resource.web.authentication.BearerTokenAuthenticationFilter@2cc9a5a2, org.springframework.security.web.authentication.www.BasicAuthenticationFilter@4caca86d, org.springframework.security.web.savedrequest.RequestCacheAwareFilter@5207747c, org.springframework.security.web.servletapi.SecurityContextHolderAwareRequestFilter@1f26bd62, org.springframework.security.web.authentication.AnonymousAuthenticationFilter@60abe420, org.springframework.security.web.session.SessionManagementFilter@18f493d7, org.springframework.security.web.access.ExceptionTranslationFilter@2a5917f6]
2024-08-20 21:31:57 INFO  o.a.coyote.http11.Http11NioProtocol - Starting ProtocolHandler ["http-nio-9000"]
2024-08-20 21:31:57 INFO  o.s.b.w.e.tomcat.TomcatWebServer - Tomcat started on port 9000 (http) with context path '/'
2024-08-20 21:31:57 INFO  mytimeacty.MytimeactyApplication - Started MytimeactyApplication in 13.98 seconds (process running for 15.394)
2024-08-20 21:32:34 INFO  o.s.b.a.SpringApplicationAdminMXBeanRegistrar$SpringApplicationAdmin - Application shutdown requested.
2024-08-20 21:32:34 INFO  o.a.coyote.http11.Http11NioProtocol - Stopping ProtocolHandler ["http-nio-9000"]
2024-08-20 21:32:34 INFO  o.s.o.j.LocalContainerEntityManagerFactoryBean - Closing JPA EntityManagerFactory for persistence unit 'default'
2024-08-20 21:32:34 INFO  com.zaxxer.hikari.HikariDataSource - HikariPool-1 - Shutdown initiated...
2024-08-20 21:32:34 INFO  com.zaxxer.hikari.HikariDataSource - HikariPool-1 - Shutdown completed.
2024-08-20 21:32:38 INFO  o.h.validator.internal.util.Version - HV000001: Hibernate Validator 8.0.1.Final
2024-08-20 21:32:38 INFO  mytimeacty.MytimeactyApplication - Starting MytimeactyApplication using Java 17.0.11 with PID 4948 (D:\mes projets\Mes projets\Mytimeacty\Mytimeacty\target\classes started by mirco in D:\mes projets\Mes projets\Mytimeacty\Mytimeacty)
2024-08-20 21:32:38 INFO  mytimeacty.MytimeactyApplication - No active profile set, falling back to 1 default profile: "default"
2024-08-20 21:32:40 INFO  o.s.d.r.c.RepositoryConfigurationDelegate - Bootstrapping Spring Data JPA repositories in DEFAULT mode.
2024-08-20 21:32:40 INFO  o.s.d.r.c.RepositoryConfigurationDelegate - Finished Spring Data repository scanning in 147 ms. Found 11 JPA repository interfaces.
2024-08-20 21:32:42 INFO  o.s.b.w.e.tomcat.TomcatWebServer - Tomcat initialized with port 9000 (http)
2024-08-20 21:32:42 INFO  o.a.coyote.http11.Http11NioProtocol - Initializing ProtocolHandler ["http-nio-9000"]
2024-08-20 21:32:42 INFO  o.a.catalina.core.StandardService - Starting service [Tomcat]
2024-08-20 21:32:42 INFO  o.a.catalina.core.StandardEngine - Starting Servlet engine: [Apache Tomcat/10.1.24]
2024-08-20 21:32:42 INFO  o.a.c.c.C.[Tomcat].[localhost].[/] - Initializing Spring embedded WebApplicationContext
2024-08-20 21:32:42 INFO  o.s.b.w.s.c.ServletWebServerApplicationContext - Root WebApplicationContext: initialization completed in 3479 ms
2024-08-20 21:32:42 INFO  o.h.jpa.internal.util.LogHelper - HHH000204: Processing PersistenceUnitInfo [name: default]
2024-08-20 21:32:42 INFO  org.hibernate.Version - HHH000412: Hibernate ORM core version 6.5.2.Final
2024-08-20 21:32:42 INFO  o.h.c.i.RegionFactoryInitiator - HHH000026: Second-level cache disabled
2024-08-20 21:32:43 INFO  o.s.o.j.p.SpringPersistenceUnitInfo - No LoadTimeWeaver setup: ignoring JPA class transformer
2024-08-20 21:32:43 INFO  com.zaxxer.hikari.HikariDataSource - HikariPool-1 - Starting...
2024-08-20 21:32:43 INFO  com.zaxxer.hikari.pool.HikariPool - HikariPool-1 - Added connection org.postgresql.jdbc.PgConnection@50f05307
2024-08-20 21:32:43 INFO  com.zaxxer.hikari.HikariDataSource - HikariPool-1 - Start completed.
2024-08-20 21:32:47 INFO  o.h.e.t.j.p.i.JtaPlatformInitiator - HHH000489: No JTA platform available (set 'hibernate.transaction.jta.platform' to enable JTA platform integration)
2024-08-20 21:32:47 INFO  o.s.o.j.LocalContainerEntityManagerFactoryBean - Initialized JPA EntityManagerFactory for persistence unit 'default'
2024-08-20 21:32:49 WARN  o.s.b.a.o.j.JpaBaseConfiguration$JpaWebConfiguration - spring.jpa.open-in-view is enabled by default. Therefore, database queries may be performed during view rendering. Explicitly configure spring.jpa.open-in-view to disable this warning
2024-08-20 21:32:50 INFO  o.s.s.web.DefaultSecurityFilterChain - Will secure any request with [org.springframework.security.web.session.DisableEncodeUrlFilter@1007954a, org.springframework.security.web.context.request.async.WebAsyncManagerIntegrationFilter@10770c1, org.springframework.security.web.context.SecurityContextHolderFilter@2c2dfde3, org.springframework.security.web.header.HeaderWriterFilter@189f2184, org.springframework.web.filter.CorsFilter@35ab0bf3, org.springframework.security.web.authentication.logout.LogoutFilter@6461c673, org.springframework.security.oauth2.server.resource.web.authentication.BearerTokenAuthenticationFilter@21e60eed, org.springframework.security.web.authentication.www.BasicAuthenticationFilter@362109d0, org.springframework.security.web.savedrequest.RequestCacheAwareFilter@46d2be66, org.springframework.security.web.servletapi.SecurityContextHolderAwareRequestFilter@1676e501, org.springframework.security.web.authentication.AnonymousAuthenticationFilter@dd26290, org.springframework.security.web.session.SessionManagementFilter@5f0c45ae, org.springframework.security.web.access.ExceptionTranslationFilter@7d364bce]
2024-08-20 21:32:50 INFO  o.a.coyote.http11.Http11NioProtocol - Starting ProtocolHandler ["http-nio-9000"]
2024-08-20 21:32:51 INFO  o.s.b.w.e.tomcat.TomcatWebServer - Tomcat started on port 9000 (http) with context path '/'
2024-08-20 21:32:51 INFO  mytimeacty.MytimeactyApplication - Started MytimeactyApplication in 13.469 seconds (process running for 15.031)
2024-08-20 21:40:46 INFO  o.s.b.a.SpringApplicationAdminMXBeanRegistrar$SpringApplicationAdmin - Application shutdown requested.
2024-08-20 21:40:46 INFO  o.a.coyote.http11.Http11NioProtocol - Stopping ProtocolHandler ["http-nio-9000"]
2024-08-20 21:40:46 INFO  o.s.o.j.LocalContainerEntityManagerFactoryBean - Closing JPA EntityManagerFactory for persistence unit 'default'
2024-08-20 21:40:46 INFO  com.zaxxer.hikari.HikariDataSource - HikariPool-1 - Shutdown initiated...
2024-08-20 21:40:46 INFO  com.zaxxer.hikari.HikariDataSource - HikariPool-1 - Shutdown completed.
